0 info it worked if it ends with ok
1 verbose cli [ 'C:\\Program Files\\nodejs\\\\node.exe',
1 verbose cli   'C:\\Program Files\\nodejs\\node_modules\\npm\\bin\\npm-cli.js',
1 verbose cli   'install',
1 verbose cli   'body-parser',
1 verbose cli   'consolidate',
1 verbose cli   'debug',
1 verbose cli   '--save' ]
2 info using npm@1.4.28
3 info using node@v0.10.35
4 verbose node symlink C:\Program Files\nodejs\\node.exe
5 warn package.json lab29@1.0.0 No repository field.
6 warn package.json lab29@1.0.0 No README data
7 verbose readDependencies using package.json deps
8 verbose cache add [ 'body-parser', null ]
9 verbose cache add name=undefined spec="body-parser" args=["body-parser",null]
10 verbose parsed url { protocol: null,
10 verbose parsed url   slashes: null,
10 verbose parsed url   auth: null,
10 verbose parsed url   host: null,
10 verbose parsed url   port: null,
10 verbose parsed url   hostname: null,
10 verbose parsed url   hash: null,
10 verbose parsed url   search: null,
10 verbose parsed url   query: null,
10 verbose parsed url   pathname: 'body-parser',
10 verbose parsed url   path: 'body-parser',
10 verbose parsed url   href: 'body-parser' }
11 verbose cache add [ 'consolidate', null ]
12 verbose cache add name=undefined spec="consolidate" args=["consolidate",null]
13 verbose parsed url { protocol: null,
13 verbose parsed url   slashes: null,
13 verbose parsed url   auth: null,
13 verbose parsed url   host: null,
13 verbose parsed url   port: null,
13 verbose parsed url   hostname: null,
13 verbose parsed url   hash: null,
13 verbose parsed url   search: null,
13 verbose parsed url   query: null,
13 verbose parsed url   pathname: 'consolidate',
13 verbose parsed url   path: 'consolidate',
13 verbose parsed url   href: 'consolidate' }
14 verbose cache add [ 'debug', null ]
15 verbose cache add name=undefined spec="debug" args=["debug",null]
16 verbose parsed url { protocol: null,
16 verbose parsed url   slashes: null,
16 verbose parsed url   auth: null,
16 verbose parsed url   host: null,
16 verbose parsed url   port: null,
16 verbose parsed url   hostname: null,
16 verbose parsed url   hash: null,
16 verbose parsed url   search: null,
16 verbose parsed url   query: null,
16 verbose parsed url   pathname: 'debug',
16 verbose parsed url   path: 'debug',
16 verbose parsed url   href: 'debug' }
17 silly lockFile 14cf125c-body-parser body-parser
18 verbose lock body-parser C:\Users\Adminespec.UPILOTO\AppData\Roaming\npm-cache\14cf125c-body-parser.lock
19 silly lockFile 47a72197-consolidate consolidate
20 verbose lock consolidate C:\Users\Adminespec.UPILOTO\AppData\Roaming\npm-cache\47a72197-consolidate.lock
21 silly lockFile 32faaeca-debug debug
22 verbose lock debug C:\Users\Adminespec.UPILOTO\AppData\Roaming\npm-cache\32faaeca-debug.lock
23 silly lockFile 32faaeca-debug debug
24 silly lockFile 32faaeca-debug debug
25 silly lockFile 47a72197-consolidate consolidate
26 silly lockFile 47a72197-consolidate consolidate
27 silly lockFile 14cf125c-body-parser body-parser
28 silly lockFile 14cf125c-body-parser body-parser
29 verbose addNamed [ 'debug', '' ]
30 verbose addNamed [ null, '*' ]
31 silly lockFile a36d5671-debug debug@
32 verbose lock debug@ C:\Users\Adminespec.UPILOTO\AppData\Roaming\npm-cache\a36d5671-debug.lock
33 verbose addNamed [ 'consolidate', '' ]
34 verbose addNamed [ null, '*' ]
35 silly lockFile 77213b7f-consolidate consolidate@
36 verbose lock consolidate@ C:\Users\Adminespec.UPILOTO\AppData\Roaming\npm-cache\77213b7f-consolidate.lock
37 verbose addNamed [ 'body-parser', '' ]
38 verbose addNamed [ null, '*' ]
39 silly lockFile 9f665704-body-parser body-parser@
40 verbose lock body-parser@ C:\Users\Adminespec.UPILOTO\AppData\Roaming\npm-cache\9f665704-body-parser.lock
41 silly addNameRange { name: 'debug', range: '*', hasData: false }
42 verbose request where is /debug
43 verbose request registry http://registry.npmjs.org/
44 verbose request id 44622a2d36496dac
45 verbose url raw /debug
46 verbose url resolving [ 'http://registry.npmjs.org/', './debug' ]
47 verbose url resolved http://registry.npmjs.org/debug
48 verbose request where is http://registry.npmjs.org/debug
49 info trying registry request attempt 1 at 11:23:26
50 http GET http://registry.npmjs.org/debug
51 silly addNameRange { name: 'consolidate', range: '*', hasData: false }
52 silly addNameRange { name: 'body-parser', range: '*', hasData: false }
53 verbose request where is /consolidate
54 verbose request registry http://registry.npmjs.org/
55 verbose url raw /consolidate
56 verbose url resolving [ 'http://registry.npmjs.org/', './consolidate' ]
57 verbose url resolved http://registry.npmjs.org/consolidate
58 verbose request where is http://registry.npmjs.org/consolidate
59 info trying registry request attempt 1 at 11:23:26
60 http GET http://registry.npmjs.org/consolidate
61 verbose request where is /body-parser
62 verbose request registry http://registry.npmjs.org/
63 verbose url raw /body-parser
64 verbose url resolving [ 'http://registry.npmjs.org/', './body-parser' ]
65 verbose url resolved http://registry.npmjs.org/body-parser
66 verbose request where is http://registry.npmjs.org/body-parser
67 info trying registry request attempt 1 at 11:23:26
68 http GET http://registry.npmjs.org/body-parser
69 info retry will retry, error on last attempt: Error: getaddrinfo ENOTFOUND
70 info retry will retry, error on last attempt: Error: getaddrinfo ENOTFOUND
71 info retry will retry, error on last attempt: Error: getaddrinfo ENOTFOUND
72 info trying registry request attempt 2 at 11:23:38
73 http GET http://registry.npmjs.org/body-parser
74 info trying registry request attempt 2 at 11:23:38
75 http GET http://registry.npmjs.org/consolidate
76 info trying registry request attempt 2 at 11:23:38
77 http GET http://registry.npmjs.org/debug
78 info retry will retry, error on last attempt: Error: getaddrinfo ENOTFOUND
79 info retry will retry, error on last attempt: Error: getaddrinfo ENOTFOUND
80 info retry will retry, error on last attempt: Error: getaddrinfo ENOTFOUND
81 info trying registry request attempt 3 at 11:24:40
82 http GET http://registry.npmjs.org/debug
83 info trying registry request attempt 3 at 11:24:40
84 http GET http://registry.npmjs.org/consolidate
85 info trying registry request attempt 3 at 11:24:40
86 http GET http://registry.npmjs.org/body-parser
87 silly lockFile 9f665704-body-parser body-parser@
88 silly lockFile 9f665704-body-parser body-parser@
89 silly lockFile a36d5671-debug debug@
90 silly lockFile a36d5671-debug debug@
91 silly lockFile 77213b7f-consolidate consolidate@
92 silly lockFile 77213b7f-consolidate consolidate@
93 error network getaddrinfo ENOTFOUND
93 error network This is most likely not a problem with npm itself
93 error network and is related to network connectivity.
93 error network In most cases you are behind a proxy or have bad network settings.
93 error network
93 error network If you are behind a proxy, please make sure that the
93 error network 'proxy' config is set properly.  See: 'npm help config'
94 error System Windows_NT 6.1.7601
95 error command "C:\\Program Files\\nodejs\\\\node.exe" "C:\\Program Files\\nodejs\\node_modules\\npm\\bin\\npm-cli.js" "install" "body-parser" "consolidate" "debug" "--save"
96 error cwd C:\wamp\www\diplomado-app-2\lab29
97 error node -v v0.10.35
98 error npm -v 1.4.28
99 error syscall getaddrinfo
100 error code ENOTFOUND
101 error errno ENOTFOUND
102 verbose exit [ 1, true ]
